<?xml version="1.0" encoding="UTF-8"?>
<robot generator="Robot 4.1.3 (Python 3.10.0 on win32)" generated="20220626 18:37:27.036" rpa="false" schemaversion="2">
<suite id="s1" name="Tests" source="C:\Users\tmahmoud\PycharmProjects\musala\Tests\Tests.robot">
<test id="s1-t1" name="Test Case 4">
<kw name="Navigate to Musala portal" library="CommonKeywords" type="SETUP">
<kw name="Open Browser" library="SeleniumLibrary">
<arg>browser=${Browser}</arg>
<doc>Opens a new browser instance to the optional ``url``.</doc>
<msg timestamp="20220626 18:37:27.242" level="INFO">Opening browser 'Chrome' to base url 'None'.</msg>
<status status="PASS" starttime="20220626 18:37:27.242" endtime="20220626 18:37:28.909"/>
</kw>
<kw name="Maximize Browser Window" library="SeleniumLibrary">
<doc>Maximizes current browser window.</doc>
<status status="PASS" starttime="20220626 18:37:28.910" endtime="20220626 18:37:29.031"/>
</kw>
<kw name="Go To" library="SeleniumLibrary">
<arg>${URL}</arg>
<doc>Navigates the current browser window to the provided ``url``.</doc>
<msg timestamp="20220626 18:37:29.032" level="INFO">Opening url 'http://www.musala.com'</msg>
<status status="PASS" starttime="20220626 18:37:29.031" endtime="20220626 18:38:11.379"/>
</kw>
<kw name="Wait Until Element Is Visible" library="SeleniumLibrary">
<arg>//a[normalize-space()='ACCEPT']</arg>
<arg>${Wait}</arg>
<doc>Waits until the element ``locator`` is visible.</doc>
<status status="PASS" starttime="20220626 18:38:11.379" endtime="20220626 18:38:11.399"/>
</kw>
<kw name="Click Element" library="SeleniumLibrary">
<arg>//a[normalize-space()='ACCEPT']</arg>
<doc>Click the element identified by ``locator``.</doc>
<msg timestamp="20220626 18:38:11.400" level="INFO">Clicking element '//a[normalize-space()='ACCEPT']'.</msg>
<status status="PASS" starttime="20220626 18:38:11.400" endtime="20220626 18:38:11.434"/>
</kw>
<status status="PASS" starttime="20220626 18:37:27.242" endtime="20220626 18:38:11.434"/>
</kw>
<kw name="Click on Careers link" library="MainPageKeywords">
<kw name="Careers_link" library="MainPage">
<kw name="Wait Until Element Is Visible" library="SeleniumLibrary">
<arg>//ul[@id='menu-main-nav-1']//a[@class='main-link'][normalize-space()='Careers']</arg>
<arg>${Wait}</arg>
<doc>Waits until the element ``locator`` is visible.</doc>
<status status="PASS" starttime="20220626 18:38:11.435" endtime="20220626 18:38:11.452"/>
</kw>
<kw name="Click Element" library="SeleniumLibrary">
<arg>//ul[@id='menu-main-nav-1']//a[@class='main-link'][normalize-space()='Careers']</arg>
<doc>Click the element identified by ``locator``.</doc>
<msg timestamp="20220626 18:38:11.453" level="INFO">Clicking element '//ul[@id='menu-main-nav-1']//a[@class='main-link'][normalize-space()='Careers']'.</msg>
<status status="PASS" starttime="20220626 18:38:11.452" endtime="20220626 18:38:30.713"/>
</kw>
<status status="PASS" starttime="20220626 18:38:11.435" endtime="20220626 18:38:30.713"/>
</kw>
<status status="PASS" starttime="20220626 18:38:11.434" endtime="20220626 18:38:30.713"/>
</kw>
<kw name="Click on Check our open position button" library="CareersKeywords">
<kw name="Check_our_open_positions_btn" library="Careers">
<kw name="Wait Until Element Is Visible" library="SeleniumLibrary">
<arg>//span[@data-alt='Check our open positions']</arg>
<arg>${Wait}</arg>
<doc>Waits until the element ``locator`` is visible.</doc>
<status status="PASS" starttime="20220626 18:38:30.715" endtime="20220626 18:38:30.736"/>
</kw>
<kw name="Click Element" library="SeleniumLibrary">
<arg>//span[@data-alt='Check our open positions']</arg>
<doc>Click the element identified by ``locator``.</doc>
<msg timestamp="20220626 18:38:30.737" level="INFO">Clicking element '//span[@data-alt='Check our open positions']'.</msg>
<status status="PASS" starttime="20220626 18:38:30.737" endtime="20220626 18:38:34.259"/>
</kw>
<status status="PASS" starttime="20220626 18:38:30.714" endtime="20220626 18:38:34.260"/>
</kw>
<status status="PASS" starttime="20220626 18:38:30.714" endtime="20220626 18:38:34.260"/>
</kw>
<kw name="Check Join Us URl" library="CareersKeywords">
<kw name="Join_us_URl" library="Careers">
<kw name="Switch Window" library="SeleniumLibrary">
<arg>Join Us | Musala Soft</arg>
<doc>Switches to browser window matching ``locator``.</doc>
<status status="PASS" starttime="20220626 18:38:34.260" endtime="20220626 18:38:34.285"/>
</kw>
<kw name="Get Location" library="SeleniumLibrary">
<var>${X}</var>
<doc>Returns the current browser window URL.</doc>
<msg timestamp="20220626 18:38:34.289" level="INFO">${X} = https://www.musala.com/careers/join-us/</msg>
<status status="PASS" starttime="20220626 18:38:34.285" endtime="20220626 18:38:34.289"/>
</kw>
<kw name="Should Be Equal As Strings" library="BuiltIn">
<arg>${X}</arg>
<arg>https://www.musala.com/careers/join-us/</arg>
<doc>Fails if objects are unequal after converting them to strings.</doc>
<status status="PASS" starttime="20220626 18:38:34.289" endtime="20220626 18:38:34.289"/>
</kw>
<status status="PASS" starttime="20220626 18:38:34.260" endtime="20220626 18:38:34.290"/>
</kw>
<status status="PASS" starttime="20220626 18:38:34.260" endtime="20220626 18:38:34.290"/>
</kw>
<kw name="Select item from location DDL" library="CareersKeywords">
<arg>2</arg>
<kw name="Locations_DDL" library="Careers">
<arg>${city}</arg>
<kw name="Wait Until Element Is Visible" library="SeleniumLibrary">
<arg>//select[@id='get_location']</arg>
<arg>${Wait}</arg>
<doc>Waits until the element ``locator`` is visible.</doc>
<status status="PASS" starttime="20220626 18:38:34.291" endtime="20220626 18:38:34.318"/>
</kw>
<kw name="Select From List By Index" library="SeleniumLibrary">
<arg>//select[@id='get_location']</arg>
<arg>${city}</arg>
<doc>Selects options from selection list ``locator`` by ``indexes``.</doc>
<msg timestamp="20220626 18:38:34.319" level="INFO">Selecting options from selection list '//select[@id='get_location']' by index 2.</msg>
<status status="PASS" starttime="20220626 18:38:34.319" endtime="20220626 18:38:36.447"/>
</kw>
<status status="PASS" starttime="20220626 18:38:34.290" endtime="20220626 18:38:36.447"/>
</kw>
<status status="PASS" starttime="20220626 18:38:34.290" endtime="20220626 18:38:36.447"/>
</kw>
<kw name="logging to console" library="CareersKeywords">
<kw name="Logging_console" library="Careers">
<kw name="Get Length" library="BuiltIn">
<var>${q}</var>
<arg>card-jobsHot__title</arg>
<doc>Returns and logs the length of the given item as an integer.</doc>
<msg timestamp="20220626 18:38:36.448" level="INFO">Length is 19</msg>
<msg timestamp="20220626 18:38:36.449" level="INFO">${q} = 19</msg>
<status status="PASS" starttime="20220626 18:38:36.448" endtime="20220626 18:38:36.449"/>
</kw>
<kw name="Log" library="BuiltIn">
<arg>${q}</arg>
<doc>Logs the given message with the given level.</doc>
<msg timestamp="20220626 18:38:36.449" level="INFO">19</msg>
<status status="PASS" starttime="20220626 18:38:36.449" endtime="20220626 18:38:36.449"/>
</kw>
<for flavor="IN RANGE">
<var>${ELEMENT}</var>
<value>1</value>
<value>${q}</value>
<iter>
<var name="${ELEMENT}">1</var>
<kw name="Get Text" library="SeleniumLibrary">
<var>${X}</var>
<arg>(//h2[contains(@class,'card-jobsHot__title')])[${ELEMENT}]</arg>
<doc>Returns the text value of the element identified by ``locator``.</doc>
<msg timestamp="20220626 18:38:36.481" level="INFO">${X} = Professional Services Specialist</msg>
<status status="PASS" starttime="20220626 18:38:36.449" endtime="20220626 18:38:36.481"/>
</kw>
<kw name="Get Text" library="SeleniumLibrary">
<var>${Y}</var>
<arg>(//a[@class='card-jobsHot__info'])[${ELEMENT}]</arg>
<doc>Returns the text value of the element identified by ``locator``.</doc>
<kw name="Capture Page Screenshot" library="SeleniumLibrary">
<doc>Takes a screenshot of the current page and embeds it into a log file.</doc>
<msg timestamp="20220626 18:38:37.151" level="INFO" html="true">&lt;/td&gt;&lt;/tr&gt;&lt;tr&gt;&lt;td colspan="3"&gt;&lt;a href="selenium-screenshot-1.png"&gt;&lt;img src="selenium-screenshot-1.png" width="800px"&gt;&lt;/a&gt;</msg>
<status status="PASS" starttime="20220626 18:38:36.492" endtime="20220626 18:38:37.151"/>
</kw>
<msg timestamp="20220626 18:38:37.154" level="FAIL">Element with locator '(//a[@class='card-jobsHot__info'])[1]' not found.</msg>
<status status="FAIL" starttime="20220626 18:38:36.481" endtime="20220626 18:38:37.154"/>
</kw>
<kw name="Log To Console" library="BuiltIn">
<arg>Position : ${X}</arg>
<doc>Logs the given message to the console.</doc>
<status status="NOT RUN" starttime="20220626 18:38:37.154" endtime="20220626 18:38:37.154"/>
</kw>
<kw name="Log To Console" library="BuiltIn">
<arg>More info : ${Y}</arg>
<doc>Logs the given message to the console.</doc>
<status status="NOT RUN" starttime="20220626 18:38:37.154" endtime="20220626 18:38:37.154"/>
</kw>
<status status="FAIL" starttime="20220626 18:38:36.449" endtime="20220626 18:38:37.154"/>
</iter>
<status status="FAIL" starttime="20220626 18:38:36.449" endtime="20220626 18:38:37.155"/>
</for>
<status status="FAIL" starttime="20220626 18:38:36.448" endtime="20220626 18:38:37.155"/>
</kw>
<status status="FAIL" starttime="20220626 18:38:36.447" endtime="20220626 18:38:37.156"/>
</kw>
<kw name="close the browser" library="CommonKeywords" type="TEARDOWN">
<kw name="Close All Browsers" library="SeleniumLibrary">
<doc>Closes all open browsers and resets the browser cache.</doc>
<status status="PASS" starttime="20220626 18:38:37.157" endtime="20220626 18:38:39.296"/>
</kw>
<status status="PASS" starttime="20220626 18:38:37.157" endtime="20220626 18:38:39.296"/>
</kw>
<status status="FAIL" starttime="20220626 18:37:27.241" endtime="20220626 18:38:39.297">Element with locator '(//a[@class='card-jobsHot__info'])[1]' not found.</status>
</test>
<status status="FAIL" starttime="20220626 18:37:27.038" endtime="20220626 18:38:39.304"/>
</suite>
<statistics>
<total>
<stat pass="0" fail="1" skip="0">All Tests</stat>
</total>
<tag>
</tag>
<suite>
<stat pass="0" fail="1" skip="0" id="s1" name="Tests">Tests</stat>
</suite>
</statistics>
<errors>
</errors>
</robot>
